Daily heartbeat at Wed Mar 11 10:00:04 WET 2026
Daily heartbeat at Thu Mar 12 10:00:00 WET 2026
Daily heartbeat at Fri Mar 13 10:00:14 WET 2026
Daily heartbeat at Sat Mar 14 10:14:54 WET 2026
Daily heartbeat at Sun Mar 15 10:08:05 WET 2026
Daily heartbeat at Mon Mar 16 10:11:55 WET 2026
Daily heartbeat at Tue Mar 17 10:00:05 WET 2026
Daily heartbeat at Wed Mar 18 10:00:05 WET 2026
Daily heartbeat at Thu Mar 19 10:00:02 WET 2026
Daily heartbeat at Fri Mar 20 10:00:00 WET 2026
Daily heartbeat at Sat Mar 21 10:07:28 WET 2026
Daily heartbeat at Sun Mar 22 10:11:58 WET 2026
Daily heartbeat at Mon Mar 23 10:04:46 WET 2026
Daily heartbeat at Tue Mar 24 10:00:05 WET 2026
Daily heartbeat at Wed Mar 25 10:00:01 WET 2026
Daily heartbeat at Thu Mar 26 10:00:02 WET 2026
Daily heartbeat at Fri Mar 27 10:00:05 WET 2026
Daily heartbeat at Sat Mar 28 10:10:33 WET 2026
Daily heartbeat at Sun Mar 29 10:07:10 WEST 2026
Daily heartbeat at Mon Mar 30 10:00:01 WEST 2026
Daily heartbeat at Tue Mar 31 10:04:01 WEST 2026
Daily heartbeat at Wed Apr  1 10:00:05 WEST 2026
Daily heartbeat at Thu Apr  2 10:03:38 WEST 2026
Daily heartbeat at Fri Apr  3 10:16:12 WEST 2026
Daily heartbeat at Sat Apr  4 10:06:07 WEST 2026
Daily heartbeat at Sun Apr  5 10:03:52 WEST 2026
Daily heartbeat at Mon Apr  6 10:05:29 WEST 2026
Daily heartbeat at Tue Apr  7 10:00:02 WEST 2026
Daily heartbeat at Wed Apr  8 10:01:46 WEST 2026
Daily heartbeat at Thu Apr  9 10:00:03 WEST 2026
Daily heartbeat at Fri Apr 10 10:16:32 WEST 2026
Daily heartbeat at Sat Apr 11 10:04:22 WEST 2026
Daily heartbeat at Sun Apr 12 10:06:50 WEST 2026
Daily heartbeat at Mon Apr 13 10:12:09 WEST 2026
Daily heartbeat at Tue Apr 14 10:00:02 WEST 2026
Daily heartbeat at Wed Apr 15 10:00:01 WEST 2026
Daily heartbeat at Thu Apr 16 10:01:03 WEST 2026
Daily heartbeat at Fri Apr 17 10:00:01 WEST 2026
Daily heartbeat at Sat Apr 18 10:12:35 WEST 2026
Daily heartbeat at Sun Apr 19 10:01:14 WEST 2026
Daily heartbeat at Mon Apr 20 10:00:05 WEST 2026
Daily heartbeat at Tue Apr 21 10:00:05 WEST 2026
Daily heartbeat at Wed Apr 22 10:00:01 WEST 2026
Daily heartbeat at Thu Apr 23 10:00:01 WEST 2026
Daily heartbeat at Fri Apr 24 10:00:03 WEST 2026
